-------------------------------------
Beginning Export of Source Files
Mailingmod.accdb
VCS Version 4.1.2
Full Path: D:\MES_SOURCES\ACCESS\SOURCES\DELTAINFORMATIQUE\ACCESS_2007-2016\BASE_MAILING\Mailingmod.accdb
Export Folder: D:\MES_SOURCES\GITHUB\Mailingmod.accdb\
Performing Full Export
23/02/2026 22:35:18
-------------------------------------
Scanning source files...
No db connections found in this database.
No vbe forms found in this database.
No saved specs found in this database.
No commandbars found in this database.
No shared images found in this database.

-------------------------------------
ERROR: Your drive isn't ready! Reconnect S: to continue.
Source: modFileAccess.GetUncPath
-------------------------------------

-------------------------------------
ERROR: Your drive isn't ready! Reconnect S: to continue.
Source: modFileAccess.GetUncPath
-------------------------------------

-------------------------------------
ERROR: Your drive isn't ready! Reconnect S: to continue.
Source: modFileAccess.GetUncPath
-------------------------------------

-------------------------------------
ERROR: Your drive isn't ready! Reconnect S: to continue.
Source: modFileAccess.GetUncPath
-------------------------------------
No reports found in this database.
No table data found in this database.
No table data macros found in this database.
No hidden attributes found in this database.
-------------------------------------
Exporting project...          
  Mailingmod.accdb
[1]
-------------------------------------
Exporting vb project...       
  BASE MAILING (FRONTALE)
[1]
-------------------------------------
Exporting vbe references...   
  Word
[9]
-------------------------------------
Exporting proj properties...  
  Current Project Properties (Access)
[2]
-------------------------------------
Exporting modules...          
  ClsSendMailStatus
  ModGestionFichiers
  ModGestionFonctions
  ModGestionTraitements
  ModGestionFormulaires
  ModGestionImportsExports
[6]
-------------------------------------
Exporting themes...           
  Thème Office
[1]
-------------------------------------
Exporting db properties...    
  Database Properties (DAO)

-------------------------------------
ERROR: Your drive isn't ready! Reconnect S: to continue.
Source: modFileAccess.GetUncPath
-------------------------------------
[47]
-------------------------------------
Exporting imex specs...       
  Classeur4 Spécification d'attache
  Classeur6 Spécification d'attache
  INSCRITS Spécification d'attache
  LST PEOPLE INS PRES VER1 Spécification d'attache
  TOTAL Spécification d'attache
[5]
-------------------------------------
Exporting tables...           
  TBLCONTACTS
    Sanitized in 0,002 seconds.
  TBLCONTACTS (SQL)
  TBLFICHIERS
    Sanitized in 0,002 seconds.
  TBLFICHIERS (SQL)
  TBLMENU
    Sanitized in 0,002 seconds.
  TBLMENU (SQL)
  TBLPARAMETRES
    Sanitized in 0,002 seconds.
  TBLPARAMETRES (SQL)
[4]
-------------------------------------
Exporting queries...          
  SelFichiersDetailler
    Sanitized in 0,002 seconds.
  SelFichiersDetailler (SQL)
  SelParametresDetailler
    Sanitized in 0,002 seconds.
  SelParametresDetailler (SQL)
[2]
-------------------------------------
Exporting forms...            
  FrmGestionTraitements
    Sanitized in 0,005 seconds.
  FrmMailing
    Sanitized in 0,023 seconds.
  FrmGestionFichiers
    Sanitized in 0,012 seconds.
  FrmGestionMail
    Sanitized in 0,013 seconds.
  FrmNotes
    Sanitized in 0,004 seconds.
  FrmGestionParametres
    Sanitized in 0,009 seconds.
  FrmMailingMulti
    Sanitized in 0,035 seconds.
  FrmMenuPrincipale
    Sanitized in 0,022 seconds.
[8]
-------------------------------------
Exporting macros...           
  Autokeys
    Sanitized in 0,002 seconds.
  AutoExec
    Sanitized in 0,001 seconds.
  MacMenuPrincipale
    Sanitized in 0,001 seconds.
[3]
-------------------------------------
Exporting relations...        
  MSysAccessStorageSTGREL
[1]
-------------------------------------
Exporting doc properties...   
  Database Documents
[28]
-------------------------------------
Exporting nav pane groups...  
  Groups
[1]
-------------------------------------
Done. (4,04 seconds)

--------------------------------------------------
                PERFORMANCE REPORTS
--------------------------------------------------
Category                      Count     Seconds
--------------------------------------------------
Forms                         8         0,84
DB Properties                 47        0,64
IMEX Specs                    5         0,30
Queries                       2         0,28
Doc Properties                28        0,24
Modules                       6         0,23
Tables                        4         0,16
Project                       1         0,15
Macros                        3         0,12
VBE References                9         0,11
Nav Pane Groups               1         0,10
Proj Properties               2         0,10
Relations                     1         0,07
VB Project                    1         0,06
Themes                        1         0,06
DB Connections                0         0,01
Hidden Attributes             0         0,01
Table Data Macros             0         0,00
Shared Images                 0         0,00
Table Data                    0         0,00
CommandBars                   0         0,00
Reports                       0         0,00
VBE Forms                     0         0,00
Saved Specs                   0         0,00
--------------------------------------------------
TOTALS:                       119       3,49
--------------------------------------------------

--------------------------------------------------
Operations                    Count     Seconds
--------------------------------------------------
Increment Progress            126       1,08
Convert to JSON               1580      0,64
Console Updates               12        0,51
App.SaveAsText()              13        0,31
Scan DB Objects               1         0,18
Parse JSON ISO Date           39        0,18
Sanitize File                 13        0,13
Get File Property Hash        74        0,05
Export VBE Module             6         0,05
Write File                    58        0,05
Read File Bytes               24        0,05
Clear Orphaned Files          17        0,04
App.ExportXML()               4         0,03
Format SQL                    2         0,03
Compute SHA256                143       0,02
Delete File                   38        0,02
Read File DevMode             8         0,02
Read File                     24        0,02
modFileAccess.VerifyPath      76        0,02
Parse JSON                    1         0,02
Sanitize VBA Code             14        0,01
Get VBA Hash                  14        0,01
Clear Files by Ext            6         0,01
Save Table SQL                4         0,01
modFileAccess.GetUncPath      8         0,01
Check for linked table        4         0,01
Get Modified Date             61        0,01
Format XML                    4         0,00
Sanitize XML                  4         0,00
Quick Count Files             1         0,00
Save Query SQL                2         0,00
Quick Count Objects           1         0,00
Export Theme                  1         0,00
Close Open Objects            1         0,00
--------------------------------------------------
Other Operations                        0,51
--------------------------------------------------


